<?xml version="1.0" encoding="UTF-8"?>
<!-- Generated by org.testng.reporters.JUnitReportReporter -->
<testsuite skipped="0" hostname="Nikhil" name="GetAPITest" tests="1" failures="0" timestamp="23 Jun 2021 15:18:27 GMT" time="1.099" errors="0">
  <testcase name="testGetAPI" time="1.099" classname="GetAPITest"/>
</testsuite> <!-- GetAPITest -->
